[debug] [2025-11-29T15:38:09.446Z] ----------------------------------------------------------------------
[debug] [2025-11-29T15:38:09.447Z] Command:       /opt/homebrew/Cellar/node/25.2.1/bin/node /opt/homebrew/bin/firebase init
[debug] [2025-11-29T15:38:09.448Z] CLI Version:   14.26.0
[debug] [2025-11-29T15:38:09.448Z] Platform:      darwin
[debug] [2025-11-29T15:38:09.448Z] Node Version:  v25.2.1
[debug] [2025-11-29T15:38:09.448Z] Time:          Sat Nov 29 2025 18:38:09 GMT+0300 (East Africa Time)
[debug] [2025-11-29T15:38:09.448Z] ----------------------------------------------------------------------
[debug] 
[debug] [2025-11-29T15:38:09.449Z] >>> [apiv2][query] GET https://firebase-public.firebaseio.com/cli.json [none]
[info] 
     ######## #### ########  ######## ########     ###     ######  ########
     ##        ##  ##     ## ##       ##     ##  ##   ##  ##       ##
     ######    ##  ########  ######   ########  #########  ######  ######
     ##        ##  ##    ##  ##       ##     ## ##     ##       ## ##
     ##       #### ##     ## ######## ########  ##     ##  ######  ########

You're about to initialize a Firebase project in this directory:

  /Users/mainawycliffe/projects/ng-lens

Before we get started, keep in mind:

  * You are initializing within an existing Firebase project directory

[debug] [2025-11-29T15:38:10.252Z] <<< [apiv2][status] GET https://firebase-public.firebaseio.com/cli.json 200
[debug] [2025-11-29T15:38:10.253Z] <<< [apiv2][body] GET https://firebase-public.firebaseio.com/cli.json {"cloudBuildErrorAfter":1594252800000,"cloudBuildWarnAfter":1590019200000,"defaultNode10After":1594252800000,"minVersion":"3.0.5","node8DeploysDisabledAfter":1613390400000,"node8RuntimeDisabledAfter":1615809600000,"node8WarnAfter":1600128000000}
[debug] [2025-11-29T15:38:21.224Z] ExitPromptError: User force closed the prompt with SIGINT
    at Interface.sigint (/opt/homebrew/Cellar/firebase-cli/14.26.0/libexec/lib/node_modules/firebase-tools/node_modules/@inquirer/core/dist/commonjs/lib/create-prompt.js:101:37)
    at Interface.emit (node:events:508:28)
    at Interface.emit (node:domain:489:12)
    at [_ttyWrite] [as _ttyWrite] (node:internal/readline/interface:1327:18)
    at ReadStream.onkeypress (node:internal/readline/interface:284:20)
    at ReadStream.emit (node:events:520:35)
    at ReadStream.emit (node:domain:489:12)
    at emitKeys (node:internal/readline/utils:371:14)
    at emitKeys.next (<anonymous>)
    at ReadStream.onData (node:internal/readline/emitKeypressEvents:64:36)
[error] 
[error] Error: An unexpected error has occurred.
